0 info it worked if it ends with ok
1 verbose cli [ '/usr/local/Cellar/node/7.7.4/bin/node',
1 verbose cli   '/usr/local/bin/npm',
1 verbose cli   'run',
1 verbose cli   'start:dev' ]
2 info using npm@4.1.2
3 info using node@v7.7.4
4 verbose run-script [ 'prestart:dev', 'start:dev', 'poststart:dev' ]
5 info lifecycle pulse@1.0.0~prestart:dev: pulse@1.0.0
6 silly lifecycle pulse@1.0.0~prestart:dev: no script for prestart:dev, continuing
7 info lifecycle pulse@1.0.0~start:dev: pulse@1.0.0
8 verbose lifecycle pulse@1.0.0~start:dev: unsafe-perm in lifecycle true
9 verbose lifecycle pulse@1.0.0~start:dev: PATH: /usr/local/lib/node_modules/npm/bin/node-gyp-bin:/Users/farook/Documents/projects/pulse/node_modules/.bin:/usr/local/bin:/usr/bin:/bin:/usr/sbin:/sbin
10 verbose lifecycle pulse@1.0.0~start:dev: CWD: /Users/farook/Documents/projects/pulse
11 silly lifecycle pulse@1.0.0~start:dev: Args: [ '-c', 'npm-run-all --parallel lint:serve watch:server' ]
12 silly lifecycle pulse@1.0.0~start:dev: Returned: code: 1  signal: null
13 info lifecycle pulse@1.0.0~start:dev: Failed to exec start:dev script
14 verbose stack Error: pulse@1.0.0 start:dev: `npm-run-all --parallel lint:serve watch:server`
14 verbose stack Exit status 1
14 verbose stack     at EventEmitter.<anonymous> (/usr/local/lib/node_modules/npm/lib/utils/lifecycle.js:279:16)
14 verbose stack     at emitTwo (events.js:106:13)
14 verbose stack     at EventEmitter.emit (events.js:194:7)
14 verbose stack     at ChildProcess.<anonymous> (/usr/local/lib/node_modules/npm/lib/utils/spawn.js:40:14)
14 verbose stack     at emitTwo (events.js:106:13)
14 verbose stack     at ChildProcess.emit (events.js:194:7)
14 verbose stack     at maybeClose (internal/child_process.js:899:16)
14 verbose stack     at Process.ChildProcess._handle.onexit (internal/child_process.js:226:5)
15 verbose pkgid pulse@1.0.0
16 verbose cwd /Users/farook/Documents/projects/pulse
17 error Darwin 16.4.0
18 error argv "/usr/local/Cellar/node/7.7.4/bin/node" "/usr/local/bin/npm" "run" "start:dev"
19 error node v7.7.4
20 error npm  v4.1.2
21 error code ELIFECYCLE
22 error pulse@1.0.0 start:dev: `npm-run-all --parallel lint:serve watch:server`
22 error Exit status 1
23 error Failed at the pulse@1.0.0 start:dev script 'npm-run-all --parallel lint:serve watch:server'.
23 error Make sure you have the latest version of node.js and npm installed.
23 error If you do, this is most likely a problem with the pulse package,
23 error not with npm itself.
23 error Tell the author that this fails on your system:
23 error     npm-run-all --parallel lint:serve watch:server
23 error You can get information on how to open an issue for this project with:
23 error     npm bugs pulse
23 error Or if that isn't available, you can get their info via:
23 error     npm owner ls pulse
23 error There is likely additional logging output above.
24 verbose exit [ 1, true ]
